<?xml version="1.0" encoding="UTF-8"?>
<testng-results skipped="0" failed="0" ignored="0" total="1" passed="1">
  <reporter-output>
  </reporter-output>
  <suite name="Default suite" duration-ms="38638" started-at="2019-11-12T16:05:11 IST" finished-at="2019-11-12T16:05:49 IST">
    <groups>
    </groups>
    <test name="Default test" duration-ms="38638" started-at="2019-11-12T16:05:11 IST" finished-at="2019-11-12T16:05:49 IST">
      <class name="testng.DropDownTest">
        <test-method status="PASS" signature="setup()[pri:0, instance:testng.DropDownTest@3fd7a715]" name="setup" is-config="true" duration-ms="33176" started-at="2019-11-12T16:05:11 IST" finished-at="2019-11-12T16:05:44 IST">
          <reporter-output>
          </reporter-output>
        </test-method> <!-- setup -->
        <test-method status="PASS" signature="dropDownTest()[pri:0, instance:testng.DropDownTest@3fd7a715]" name="dropDownTest" duration-ms="5385" started-at="2019-11-12T16:05:44 IST" finished-at="2019-11-12T16:05:49 IST">
          <reporter-output>
          </reporter-output>
        </test-method> <!-- dropDownTest -->
      </class> <!-- testng.DropDownTest -->
    </test> <!-- Default test -->
  </suite> <!-- Default suite -->
</testng-results>
